2021-12-09 01:29:48,565 ERROR: Exception on /edit_post/9 [POST] [in C:\Users\Миша\PycharmProjects\VIT 2.0\venv\lib\site-packages\flask\app.py:1457]
Traceback (most recent call last):
  File "C:\Users\Миша\PycharmProjects\VIT 2.0\venv\lib\site-packages\flask\app.py", line 2073, in wsgi_app
    response = self.full_dispatch_request()
  File "C:\Users\Миша\PycharmProjects\VIT 2.0\venv\lib\site-packages\flask\app.py", line 1518, in full_dispatch_request
    rv = self.handle_user_exception(e)
  File "C:\Users\Миша\PycharmProjects\VIT 2.0\venv\lib\site-packages\flask\app.py", line 1516, in full_dispatch_request
    rv = self.dispatch_request()
  File "C:\Users\Миша\PycharmProjects\VIT 2.0\venv\lib\site-packages\flask\app.py", line 1502, in dispatch_request
    return self.ensure_sync(self.view_functions[rule.endpoint])(**req.view_args)
  File "C:\Users\Миша\PycharmProjects\VIT 2.0\venv\lib\site-packages\flask_login\utils.py", line 272, in decorated_view
    return func(*args, **kwargs)
  File "C:\Users\Миша\PycharmProjects\VIT 2.0\app\main\routes.py", line 130, in edit_post
    db.session.remove(post)
TypeError: remove() takes 1 positional argument but 2 were given
2021-12-09 01:30:31,028 INFO: Microblog startup [in C:\Users\Миша\PycharmProjects\VIT 2.0\app\__init__.py:70]
2021-12-09 01:30:39,574 ERROR: Exception on /edit_post/9 [POST] [in C:\Users\Миша\PycharmProjects\VIT 2.0\venv\lib\site-packages\flask\app.py:1457]
Traceback (most recent call last):
  File "C:\Users\Миша\PycharmProjects\VIT 2.0\venv\lib\site-packages\flask\app.py", line 2073, in wsgi_app
    response = self.full_dispatch_request()
  File "C:\Users\Миша\PycharmProjects\VIT 2.0\venv\lib\site-packages\flask\app.py", line 1518, in full_dispatch_request
    rv = self.handle_user_exception(e)
  File "C:\Users\Миша\PycharmProjects\VIT 2.0\venv\lib\site-packages\flask\app.py", line 1516, in full_dispatch_request
    rv = self.dispatch_request()
  File "C:\Users\Миша\PycharmProjects\VIT 2.0\venv\lib\site-packages\flask\app.py", line 1502, in dispatch_request
    return self.ensure_sync(self.view_functions[rule.endpoint])(**req.view_args)
  File "C:\Users\Миша\PycharmProjects\VIT 2.0\venv\lib\site-packages\flask_login\utils.py", line 272, in decorated_view
    return func(*args, **kwargs)
  File "C:\Users\Миша\PycharmProjects\VIT 2.0\app\main\routes.py", line 127, in edit_post
    db.session.remove(post)
TypeError: remove() takes 1 positional argument but 2 were given
2021-12-09 01:31:09,742 INFO: Microblog startup [in C:\Users\Миша\PycharmProjects\VIT 2.0\app\__init__.py:70]
2021-12-09 01:31:44,714 INFO: Microblog startup [in C:\Users\Миша\PycharmProjects\VIT 2.0\app\__init__.py:70]
2021-12-09 01:32:36,617 INFO: Microblog startup [in C:\Users\Миша\PycharmProjects\VIT 2.0\app\__init__.py:70]
2021-12-09 01:35:02,898 INFO: Microblog startup [in C:\Users\Миша\PycharmProjects\VIT 2.0\app\__init__.py:70]
